<?xml version="1.0" encoding="UTF-8"?>
<!-- Generated by org.testng.reporters.JUnitReportReporter -->
<testsuite skipped="0" hostname="DESKTOP-SL9BI1E" name="com.learnautomation.testcases.LoginTestCRM" tests="1" failures="0" timestamp="2019-11-15T10:48:33 IST" time="10.561" errors="0">
  <testcase name="loginApp" time="10.561" classname="com.learnautomation.testcases.LoginTestCRM"/>
</testsuite> <!-- com.learnautomation.testcases.LoginTestCRM -->
